app/build/intermediates/manifest_merge_blame_file/debug/manifest-merger-blame-debug-report.txt
1<?xml version="1.0" encoding="utf-8"?>
2<manifest xmlns:android="http://schemas.android.com/apk/res/android"
3    package="com.example.loginwithfirebase"
4    android:versionCode="1"
5    android:versionName="1.0" >
6
7    <uses-sdk
8        android:minSdkVersion="16"
8-->src\main\AndroidManifest.xml
9        android:targetSdkVersion="30" />
9-->src\main\AndroidManifest.xml
10
11    <uses-permission android:name="android.permission.INTERNET" />
11-->src\main\AndroidManifest.xml:4:5-66
11-->src\main\AndroidManifest.xml:4:22-64
12    <uses-permission android:name="android.permission.ACCESS_NETWORK_STATE" />
12-->[com.google.firebase:firebase-auth:20.0.2] AndroidManifest.xml:24:5-79
12-->[com.google.firebase:firebase-auth:20.0.2] AndroidManifest.xml:24:22-76
13
14    <application
14-->src\main\AndroidManifest.xml:6:5-22:19
15        android:allowBackup="true"
15-->src\main\AndroidManifest.xml:7:9-35
16        android:appComponentFactory="androidx.core.app.CoreComponentFactory"
16-->[androidx.core:core:1.3.1] AndroidManifest.xml:24:18-86
17        android:debuggable="true"
18        android:icon="@mipmap/ic_launcher"
18-->src\main\AndroidManifest.xml:8:9-43
19        android:label="@string/app_name"
19-->src\main\AndroidManifest.xml:9:9-41
20        android:roundIcon="@mipmap/ic_launcher_round"
20-->src\main\AndroidManifest.xml:10:9-54
21        android:supportsRtl="true"
21-->src\main\AndroidManifest.xml:11:9-35
22        android:testOnly="true"
23        android:theme="@style/Theme.LoginWithFirebase" >
23-->src\main\AndroidManifest.xml:12:9-55
24        <activity android:name="com.example.loginwithfirebase.Homepage" />
24-->src\main\AndroidManifest.xml:13:9-55
24-->src\main\AndroidManifest.xml:13:19-43
25        <activity android:name="com.example.loginwithfirebase.SignupActivity" />
25-->src\main\AndroidManifest.xml:14:9-52
25-->src\main\AndroidManifest.xml:14:19-49
26        <activity android:name="com.example.loginwithfirebase.MainActivity" >
26-->src\main\AndroidManifest.xml:15:9-21:20
26-->src\main\AndroidManifest.xml:15:19-47
27            <intent-filter>
27-->src\main\AndroidManifest.xml:16:13-20:29
28                <action android:name="android.intent.action.MAIN" />
28-->src\main\AndroidManifest.xml:17:17-69
28-->src\main\AndroidManifest.xml:17:25-66
29
30                <category android:name="android.intent.category.LAUNCHER" />
30-->src\main\AndroidManifest.xml:19:17-77
30-->src\main\AndroidManifest.xml:19:27-74
31            </intent-filter>
32        </activity>
33        <activity
33-->[com.google.firebase:firebase-auth:20.0.2] AndroidManifest.xml:27:9-44:20
34            android:name="com.google.firebase.auth.internal.GenericIdpActivity"
34-->[com.google.firebase:firebase-auth:20.0.2] AndroidManifest.xml:28:13-80
35            android:excludeFromRecents="true"
35-->[com.google.firebase:firebase-auth:20.0.2] AndroidManifest.xml:29:13-46
36            android:exported="true"
36-->[com.google.firebase:firebase-auth:20.0.2] AndroidManifest.xml:30:13-36
37            android:launchMode="singleTask"
37-->[com.google.firebase:firebase-auth:20.0.2] AndroidManifest.xml:31:13-44
38            android:theme="@android:style/Theme.Translucent.NoTitleBar" >
38-->[com.google.firebase:firebase-auth:20.0.2] AndroidManifest.xml:32:13-72
39            <intent-filter>
39-->[com.google.firebase:firebase-auth:20.0.2] AndroidManifest.xml:33:13-43:29
40                <action android:name="android.intent.action.VIEW" />
40-->[com.google.firebase:firebase-auth:20.0.2] AndroidManifest.xml:34:17-69
40-->[com.google.firebase:firebase-auth:20.0.2] AndroidManifest.xml:34:25-66
41
42                <category android:name="android.intent.category.DEFAULT" />
42-->[com.google.firebase:firebase-auth:20.0.2] AndroidManifest.xml:36:17-76
42-->[com.google.firebase:firebase-auth:20.0.2] AndroidManifest.xml:36:27-73
43                <category android:name="android.intent.category.BROWSABLE" />
43-->[com.google.firebase:firebase-auth:20.0.2] AndroidManifest.xml:37:17-78
43-->[com.google.firebase:firebase-auth:20.0.2] AndroidManifest.xml:37:27-75
44
45                <data
45-->[com.google.firebase:firebase-auth:20.0.2] AndroidManifest.xml:39:17-42:51
46                    android:host="firebase.auth"
46-->[com.google.firebase:firebase-auth:20.0.2] AndroidManifest.xml:40:21-49
47                    android:path="/"
47-->[com.google.firebase:firebase-auth:20.0.2] AndroidManifest.xml:41:21-37
48                    android:scheme="genericidp" />
48-->[com.google.firebase:firebase-auth:20.0.2] AndroidManifest.xml:42:21-48
49            </intent-filter>
50        </activity>
51        <activity
51-->[com.google.firebase:firebase-auth:20.0.2] AndroidManifest.xml:45:9-62:20
52            android:name="com.google.firebase.auth.internal.RecaptchaActivity"
52-->[com.google.firebase:firebase-auth:20.0.2] AndroidManifest.xml:46:13-79
53            android:excludeFromRecents="true"
53-->[com.google.firebase:firebase-auth:20.0.2] AndroidManifest.xml:47:13-46
54            android:exported="true"
54-->[com.google.firebase:firebase-auth:20.0.2] AndroidManifest.xml:48:13-36
55            android:launchMode="singleTask"
55-->[com.google.firebase:firebase-auth:20.0.2] AndroidManifest.xml:49:13-44
56            android:theme="@android:style/Theme.Translucent.NoTitleBar" >
56-->[com.google.firebase:firebase-auth:20.0.2] AndroidManifest.xml:50:13-72
57            <intent-filter>
57-->[com.google.firebase:firebase-auth:20.0.2] AndroidManifest.xml:51:13-61:29
58                <action android:name="android.intent.action.VIEW" />
58-->[com.google.firebase:firebase-auth:20.0.2] AndroidManifest.xml:34:17-69
58-->[com.google.firebase:firebase-auth:20.0.2] AndroidManifest.xml:34:25-66
59
60                <category android:name="android.intent.category.DEFAULT" />
60-->[com.google.firebase:firebase-auth:20.0.2] AndroidManifest.xml:36:17-76
60-->[com.google.firebase:firebase-auth:20.0.2] AndroidManifest.xml:36:27-73
61                <category android:name="android.intent.category.BROWSABLE" />
61-->[com.google.firebase:firebase-auth:20.0.2] AndroidManifest.xml:37:17-78
61-->[com.google.firebase:firebase-auth:20.0.2] AndroidManifest.xml:37:27-75
62
63                <data
63-->[com.google.firebase:firebase-auth:20.0.2] AndroidManifest.xml:39:17-42:51
64                    android:host="firebase.auth"
64-->[com.google.firebase:firebase-auth:20.0.2] AndroidManifest.xml:40:21-49
65                    android:path="/"
65-->[com.google.firebase:firebase-auth:20.0.2] AndroidManifest.xml:41:21-37
66                    android:scheme="recaptcha" />
66-->[com.google.firebase:firebase-auth:20.0.2] AndroidManifest.xml:42:21-48
67            </intent-filter>
68        </activity>
69
70        <service
70-->[com.google.firebase:firebase-auth:20.0.2] AndroidManifest.xml:64:9-73:19
71            android:name="com.google.firebase.auth.api.fallback.service.FirebaseAuthFallbackService"
71-->[com.google.firebase:firebase-auth:20.0.2] AndroidManifest.xml:65:13-101
72            android:enabled="true"
72-->[com.google.firebase:firebase-auth:20.0.2] AndroidManifest.xml:66:13-35
73            android:exported="false" >
73-->[com.google.firebase:firebase-auth:20.0.2] AndroidManifest.xml:67:13-37
74            <intent-filter>
74-->[com.google.firebase:firebase-auth:20.0.2] AndroidManifest.xml:68:13-72:29
75                <action android:name="com.google.firebase.auth.api.gms.service.START" />
75-->[com.google.firebase:firebase-auth:20.0.2] AndroidManifest.xml:69:17-89
75-->[com.google.firebase:firebase-auth:20.0.2] AndroidManifest.xml:69:25-86
76
77                <category android:name="android.intent.category.DEFAULT" />
77-->[com.google.firebase:firebase-auth:20.0.2] AndroidManifest.xml:36:17-76
77-->[com.google.firebase:firebase-auth:20.0.2] AndroidManifest.xml:36:27-73
78            </intent-filter>
79        </service>
80        <service
80-->[com.google.firebase:firebase-auth:20.0.2] AndroidManifest.xml:74:9-80:19
81            android:name="com.google.firebase.components.ComponentDiscoveryService"
81-->[com.google.firebase:firebase-auth:20.0.2] AndroidManifest.xml:75:13-84
82            android:directBootAware="true"
82-->[com.google.firebase:firebase-common:19.4.0] AndroidManifest.xml:35:13-43
83            android:exported="false" >
83-->[com.google.firebase:firebase-auth:20.0.2] AndroidManifest.xml:76:13-37
84            <meta-data
84-->[com.google.firebase:firebase-auth:20.0.2] AndroidManifest.xml:77:13-79:85
85                android:name="com.google.firebase.components:com.google.firebase.auth.FirebaseAuthRegistrar"
85-->[com.google.firebase:firebase-auth:20.0.2] AndroidManifest.xml:78:17-109
86                android:value="com.google.firebase.components.ComponentRegistrar" />
86-->[com.google.firebase:firebase-auth:20.0.2] AndroidManifest.xml:79:17-82
87        </service>
88
89        <activity
89-->[com.google.android.gms:play-services-base:17.1.0] AndroidManifest.xml:23:9-26:75
90            android:name="com.google.android.gms.common.api.GoogleApiActivity"
90-->[com.google.android.gms:play-services-base:17.1.0] AndroidManifest.xml:24:13-79
91            android:exported="false"
91-->[com.google.android.gms:play-services-base:17.1.0] AndroidManifest.xml:25:13-37
92            android:theme="@android:style/Theme.Translucent.NoTitleBar" />
92-->[com.google.android.gms:play-services-base:17.1.0] AndroidManifest.xml:26:13-72
93
94        <provider
94-->[com.google.firebase:firebase-common:19.4.0] AndroidManifest.xml:26:9-31:39
95            android:name="com.google.firebase.provider.FirebaseInitProvider"
95-->[com.google.firebase:firebase-common:19.4.0] AndroidManifest.xml:27:13-77
96            android:authorities="com.example.loginwithfirebase.firebaseinitprovider"
96-->[com.google.firebase:firebase-common:19.4.0] AndroidManifest.xml:28:13-72
97            android:directBootAware="true"
97-->[com.google.firebase:firebase-common:19.4.0] AndroidManifest.xml:29:13-43
98            android:exported="false"
98-->[com.google.firebase:firebase-common:19.4.0] AndroidManifest.xml:30:13-37
99            android:initOrder="100" />
99-->[com.google.firebase:firebase-common:19.4.0] AndroidManifest.xml:31:13-36
100
101        <meta-data
101-->[com.google.android.gms:play-services-basement:17.1.0] AndroidManifest.xml:23:9-25:69
102            android:name="com.google.android.gms.version"
102-->[com.google.android.gms:play-services-basement:17.1.0] AndroidManifest.xml:24:13-58
103            android:value="@integer/google_play_services_version" />
103-->[com.google.android.gms:play-services-basement:17.1.0] AndroidManifest.xml:25:13-66
104    </application>
105
106</manifest>